2025-05-29 19:40:05,635 - __main__ - INFO - Aplikasi SignalScope dimulai...
2025-05-29 19:40:05,689 - __main__ - INFO - Menginisialisasi jendela utama...
2025-05-29 19:40:06,676 - __main__ - INFO - Aplikasi siap - memulai event loop2025-05-29 19:50:48,524 - __main__ - INFO - Aplikasi SignalScope dimulai...
2025-05-29 19:50:48,581 - __main__ - INFO - Menginisialisasi jendela utama...
2025-05-29 19:50:49,412 - __main__ - INFO - Aplikasi siap - memulai event loop
2025-05-29 19:50:54,066 - root - ERROR - Error yang tidak tertangani
Traceback (most recent call last):
  File "C:\KULIAH\SEMESTER 6\DSP Final Project\src\gui\main_window.py", line 173, in update_frame
    rppg_time, rppg_signal = self.rppg_processor.get_filtered_signal()
  File "C:\KULIAH\SEMESTER 6\DSP Final Project\src\signal\rppg.py", line 162, in get_filtered_signal
    signal_array = detrend(signal_array)
  File "C:\KULIAH\SEMESTER 6\DSP Final Project\src\signal\filters.py", line 76, in detrend
    return signal.detrend(data)
  File "C:\Users\ferda\miniconda3\envs\kelas_dsp\lib\site-packages\scipy\signal\_signaltools.py", line 3558, in detrend
    coef, resids, rank, s = linalg.lstsq(A, newdata[sl])
  File "C:\Users\ferda\miniconda3\envs\kelas_dsp\lib\site-packages\scipy\linalg\_basic.py", line 1156, in lstsq
    b1 = _asarray_validated(b, check_finite=check_finite)
  File "C:\Users\ferda\miniconda3\envs\kelas_dsp\lib\site-packages\scipy\_lib\_util.py", line 252, in _asarray_validated
    a = toarray(a)
  File "C:\Users\ferda\miniconda3\envs\kelas_dsp\lib\site-packages\numpy\lib\function_base.py", line 628, in asarray_chkfinite
    raise ValueError(
ValueError: array must not contain infs or NaNs
2025-05-29 19:58:03,346 - __main__ - INFO - Aplikasi SignalScope dimulai...
2025-05-29 19:58:03,403 - __main__ - INFO - Menginisialisasi jendela utama...
2025-05-29 19:58:04,230 - __main__ - INFO - Aplikasi siap - memulai event loop
2025-05-29 19:59:43,731 - __main__ - INFO - Aplikasi SignalScope dimulai...
2025-05-29 19:59:43,745 - __main__ - INFO - Menginisialisasi jendela utama...
2025-05-29 19:59:44,229 - __main__ - INFO - Aplikasi siap - memulai event loop
2025-05-29 20:02:47,251 - __main__ - INFO - Aplikasi SignalScope dimulai...
2025-05-29 20:02:47,265 - __main__ - INFO - Menginisialisasi jendela utama...
2025-05-29 20:02:47,827 - __main__ - INFO - Aplikasi siap - memulai event loop
2025-05-29 20:02:58,889 - __main__ - INFO - Aplikasi SignalScope dimulai...
2025-05-29 20:02:58,904 - __main__ - INFO - Menginisialisasi jendela utama...
2025-05-29 20:02:59,396 - __main__ - INFO - Aplikasi siap - memulai event loop
2025-05-29 21:07:50,526 - __main__ - INFO - Aplikasi SignalScope dimulai...
2025-05-29 21:07:50,579 - __main__ - INFO - Menginisialisasi jendela utama...
2025-05-29 21:07:51,561 - __main__ - INFO - Aplikasi siap - memulai event loop
2025-05-31 08:26:31,291 - __main__ - INFO - Aplikasi SignalScope dimulai...
2025-05-31 08:26:31,354 - __main__ - INFO - Menginisialisasi jendela utama...
2025-05-31 08:26:32,391 - __main__ - INFO - Aplikasi siap - memulai event loop
2025-05-31 09:21:17,762 - __main__ - INFO - Aplikasi SignalScope dimulai...
2025-05-31 09:21:17,808 - __main__ - INFO - Menginisialisasi jendela utama...
2025-05-31 09:21:18,636 - __main__ - INFO - Aplikasi siap - memulai event loop
2025-05-31 09:22:04,280 - __main__ - INFO - Aplikasi SignalScope dimulai...
2025-05-31 09:22:04,282 - __main__ - INFO - Menginisialisasi jendela utama...
2025-05-31 09:22:04,813 - __main__ - INFO - Aplikasi siap - memulai event loop
